<?xml version="1.0" encoding="UTF-8"?>
<!-- Generated by org.testng.reporters.JUnitReportReporter -->
<testsuite skipped="0" hostname="DESKTOP-EIQEAPF" name="test.TESTFramework" tests="1" failures="0" timestamp="20 Dec 2020 12:50:24 GMT" time="12.055" errors="0">
  <testcase name="enter" time="12.055" classname="test.TESTFramework"/>
</testsuite> <!-- test.TESTFramework -->
